2025-09-04 22:17:23,967 - INFO - Starting Excel Formatter
2025-09-04 22:17:23,968 - INFO - ExcelFormatter initialized successfully
2025-09-04 22:17:23,968 - INFO - Starting batch processing of all files
2025-09-04 22:17:23,968 - WARNING - No input files found
2025-09-04 22:17:23,968 - INFO - Excel Formatter completed successfully
2025-09-04 22:18:00,899 - INFO - Starting Excel Formatter
2025-09-04 22:18:00,899 - INFO - ExcelFormatter initialized successfully
2025-09-04 22:18:00,900 - INFO - Starting batch processing of all files
2025-09-04 22:18:00,900 - INFO - Using template: ARK format QBPayroll365xl-12.xlsm
2025-09-04 22:18:00,901 - INFO - Processing file: AlpenaCStoreLLC_PayrollDetails_09042025_1829.xls
2025-09-04 22:18:00,901 - INFO - Reading file: ..\input_files\AlpenaCStoreLLC_PayrollDetails_09042025_1829.xls
2025-09-04 22:18:00,926 - INFO - Successfully read 246 rows from AlpenaCStoreLLC_PayrollDetails_09042025_1829.xls
2025-09-04 22:18:00,926 - INFO - Analyzing template: ..\template_files\ARK format QBPayroll365xl-12.xlsm
2025-09-04 22:18:01,088 - INFO - Template analysis complete. Headers: 9
2025-09-04 22:18:01,088 - INFO - Applying mapping rules to input data
2025-09-04 22:18:01,090 - WARNING - Column 'Name' not found in input data
2025-09-04 22:18:01,090 - WARNING - Column 'Net Pay' not found in input data
2025-09-04 22:18:01,090 - WARNING - Column 'Adjusted Gross' not found in input data
2025-09-04 22:18:01,090 - WARNING - Column 'Employee taxes - SS + Employee taxes - Med Total' not found in input data
2025-09-04 22:18:01,096 - WARNING - Column 'Pay Date' not found in input data
2025-09-04 22:18:01,097 - INFO - Mapping applied successfully. Output shape: (246, 9)
2025-09-04 22:18:01,098 - INFO - Saving output to: ..\output_files\AlpenaCStoreLLC_PayrollDetails_09042025_1829_formatted.xls
2025-09-04 22:18:01,159 - INFO - Output saved successfully: AlpenaCStoreLLC_PayrollDetails_09042025_1829_formatted.xls
2025-09-04 22:18:01,159 - INFO - Successfully processed: AlpenaCStoreLLC_PayrollDetails_09042025_1829.xls -> AlpenaCStoreLLC_PayrollDetails_09042025_1829_formatted.xls
2025-09-04 22:18:01,159 - INFO - Batch processing complete. Generated 1 output files
2025-09-04 22:18:01,160 - INFO - Excel Formatter completed successfully
2025-09-04 22:18:16,275 - INFO - Starting Excel Formatter
2025-09-04 22:18:16,275 - INFO - ExcelFormatter initialized successfully
2025-09-04 22:18:16,276 - INFO - Starting batch processing of all files
2025-09-04 22:18:16,276 - INFO - Using template: ARK format QBPayroll365xl-12.xlsm
2025-09-04 22:18:16,276 - INFO - Processing file: AlpenaCStoreLLC_PayrollDetails_09042025_1829.xls
2025-09-04 22:18:16,276 - INFO - Reading file: ..\input_files\AlpenaCStoreLLC_PayrollDetails_09042025_1829.xls
2025-09-04 22:18:16,287 - INFO - Successfully read 246 rows from AlpenaCStoreLLC_PayrollDetails_09042025_1829.xls
2025-09-04 22:18:16,287 - INFO - Available columns in AlpenaCStoreLLC_PayrollDetails_09042025_1829.xls: ['Alpena CStore LLC', 'Unnamed: 1', 'Unnamed: 2', 'Unnamed: 3', 'Unnamed: 4', 'Unnamed: 5', 'Unnamed: 6', 'Unnamed: 7', 'Unnamed: 8', 'Unnamed: 9', 'Unnamed: 10', 'Unnamed: 11', 'Unnamed: 12', 'Unnamed: 13', 'Unnamed: 14', 'Unnamed: 15', 'Unnamed: 16', 'Unnamed: 17', 'Unnamed: 18', 'Unnamed: 19', 'Unnamed: 20', 'Unnamed: 21', 'Unnamed: 22', 'Unnamed: 23', 'Unnamed: 24', 'Unnamed: 25', 'Unnamed: 26', 'Unnamed: 27', 'Unnamed: 28', 'Unnamed: 29', 'Unnamed: 30', 'Unnamed: 31', 'Unnamed: 32', 'Unnamed: 33', 'Unnamed: 34', 'Unnamed: 35', 'Unnamed: 36', 'Unnamed: 37', 'Unnamed: 38', 'Unnamed: 39', 'Unnamed: 40', 'Unnamed: 41', 'Unnamed: 42', 'Unnamed: 43']
2025-09-04 22:18:16,287 - INFO - Analyzing template: ..\template_files\ARK format QBPayroll365xl-12.xlsm
2025-09-04 22:18:16,451 - INFO - Template analysis complete. Headers: 9
2025-09-04 22:18:16,451 - INFO - Applying mapping rules to input data
2025-09-04 22:18:16,451 - WARNING - Column 'Name' not found in input data
2025-09-04 22:18:16,451 - WARNING - Column 'Net Pay' not found in input data
2025-09-04 22:18:16,451 - WARNING - Column 'Adjusted Gross' not found in input data
2025-09-04 22:18:16,451 - WARNING - Column 'Employee taxes - SS + Employee taxes - Med Total' not found in input data
2025-09-04 22:18:16,457 - WARNING - Column 'Pay Date' not found in input data
2025-09-04 22:18:16,458 - INFO - Mapping applied successfully. Output shape: (246, 9)
2025-09-04 22:18:16,458 - INFO - Saving output to: ..\output_files\AlpenaCStoreLLC_PayrollDetails_09042025_1829_formatted.xls
2025-09-04 22:18:16,489 - INFO - Output saved successfully: AlpenaCStoreLLC_PayrollDetails_09042025_1829_formatted.xls
2025-09-04 22:18:16,489 - INFO - Successfully processed: AlpenaCStoreLLC_PayrollDetails_09042025_1829.xls -> AlpenaCStoreLLC_PayrollDetails_09042025_1829_formatted.xls
2025-09-04 22:18:16,491 - INFO - Batch processing complete. Generated 1 output files
2025-09-04 22:18:16,491 - INFO - Excel Formatter completed successfully
2025-09-04 22:18:37,993 - INFO - Starting Excel Formatter
2025-09-04 22:18:37,994 - INFO - ExcelFormatter initialized successfully
2025-09-04 22:18:37,994 - INFO - Starting batch processing of all files
2025-09-04 22:18:37,994 - INFO - Using template: ARK format QBPayroll365xl-12.xlsm
2025-09-04 22:18:37,994 - INFO - Processing file: AlpenaCStoreLLC_PayrollDetails_09042025_1829.xls
2025-09-04 22:18:37,995 - INFO - Reading file: ..\input_files\AlpenaCStoreLLC_PayrollDetails_09042025_1829.xls
2025-09-04 22:18:38,016 - INFO - Found headers at row 1
2025-09-04 22:18:38,016 - INFO - Successfully read 245 rows from AlpenaCStoreLLC_PayrollDetails_09042025_1829.xls
2025-09-04 22:18:38,017 - INFO - Available columns in AlpenaCStoreLLC_PayrollDetails_09042025_1829.xls: ['Payroll details report', 'Unnamed: 1', 'Unnamed: 2', 'Unnamed: 3', 'Unnamed: 4', 'Unnamed: 5', 'Unnamed: 6', 'Unnamed: 7', 'Unnamed: 8', 'Unnamed: 9', 'Unnamed: 10', 'Unnamed: 11', 'Unnamed: 12', 'Unnamed: 13', 'Unnamed: 14', 'Unnamed: 15', 'Unnamed: 16', 'Unnamed: 17', 'Unnamed: 18', 'Unnamed: 19', 'Unnamed: 20', 'Unnamed: 21', 'Unnamed: 22', 'Unnamed: 23', 'Unnamed: 24', 'Unnamed: 25', 'Unnamed: 26', 'Unnamed: 27', 'Unnamed: 28', 'Unnamed: 29', 'Unnamed: 30', 'Unnamed: 31', 'Unnamed: 32', 'Unnamed: 33', 'Unnamed: 34', 'Unnamed: 35', 'Unnamed: 36', 'Unnamed: 37', 'Unnamed: 38', 'Unnamed: 39', 'Unnamed: 40', 'Unnamed: 41', 'Unnamed: 42', 'Unnamed: 43']
2025-09-04 22:18:38,017 - INFO - Analyzing template: ..\template_files\ARK format QBPayroll365xl-12.xlsm
2025-09-04 22:18:38,175 - INFO - Template analysis complete. Headers: 9
2025-09-04 22:18:38,176 - INFO - Applying mapping rules to input data
2025-09-04 22:18:38,176 - WARNING - Column 'Name' not found in input data
2025-09-04 22:18:38,176 - WARNING - Column 'Net Pay' not found in input data
2025-09-04 22:18:38,176 - WARNING - Column 'Adjusted Gross' not found in input data
2025-09-04 22:18:38,176 - WARNING - Column 'Employee taxes - SS + Employee taxes - Med Total' not found in input data
2025-09-04 22:18:38,182 - WARNING - Column 'Pay Date' not found in input data
2025-09-04 22:18:38,182 - INFO - Mapping applied successfully. Output shape: (245, 9)
2025-09-04 22:18:38,183 - INFO - Saving output to: ..\output_files\AlpenaCStoreLLC_PayrollDetails_09042025_1829_formatted.xls
2025-09-04 22:18:38,216 - INFO - Output saved successfully: AlpenaCStoreLLC_PayrollDetails_09042025_1829_formatted.xls
2025-09-04 22:18:38,217 - INFO - Successfully processed: AlpenaCStoreLLC_PayrollDetails_09042025_1829.xls -> AlpenaCStoreLLC_PayrollDetails_09042025_1829_formatted.xls
2025-09-04 22:18:38,217 - INFO - Batch processing complete. Generated 1 output files
2025-09-04 22:18:38,217 - INFO - Excel Formatter completed successfully
2025-09-04 22:18:57,691 - INFO - Starting Excel Formatter
2025-09-04 22:18:57,692 - INFO - ExcelFormatter initialized successfully
2025-09-04 22:18:57,692 - INFO - Starting batch processing of all files
2025-09-04 22:18:57,692 - INFO - Using template: ARK format QBPayroll365xl-12.xlsm
2025-09-04 22:18:57,692 - INFO - Processing file: AlpenaCStoreLLC_PayrollDetails_09042025_1829.xls
2025-09-04 22:18:57,693 - INFO - Reading file: ..\input_files\AlpenaCStoreLLC_PayrollDetails_09042025_1829.xls
2025-09-04 22:18:57,704 - INFO - Found potential header row 4 with content: name pay date time period hours - total hours - regular hours - sal hours - ot hours - regular pay h
2025-09-04 22:18:57,712 - INFO - Found headers at row 4
2025-09-04 22:18:57,713 - INFO - Successfully read 242 rows from AlpenaCStoreLLC_PayrollDetails_09042025_1829.xls
2025-09-04 22:18:57,713 - INFO - Available columns in AlpenaCStoreLLC_PayrollDetails_09042025_1829.xls: ['Name', 'Pay date', 'Time period', 'Hours - total', 'Hours - Regular', 'Hours - Sal', 'Hours - OT', 'Hours - Regular Pay', 'Hours - Salary', 'Hours - Overtime Pay', 'Gross pay - total', 'Gross pay - Regular', 'Gross pay - Sal', 'Gross pay - OT', 'Gross pay - Regular Pay', 'Gross pay - Salary', 'Gross pay - Overtime Pay', 'Adjusted gross', 'Other pay - total', 'Employee taxes - total', 'Employee taxes - FIT', 'Employee taxes - SS', 'Employee taxes - Med', 'Employee taxes - AR PIT', 'Employee Aftertax deductions - total', 'Employee Aftertax deductions - Rem ID: 492720887122054C', 'Employee Aftertax deductions - Ford Motor Credit', 'Employee Aftertax deductions - Case CV-23-72', 'Employee taxes - Federal Income Tax', 'Employee taxes - Social Security', 'Employee taxes - Medicare', 'Employee taxes - AR Income Tax', 'Net pay', 'Employer taxes & contributions - total', 'Employer taxes - total', 'Employer taxes - FUTA', 'Employer taxes - SS', 'Employer taxes - Med', 'Employer taxes - AR SUI', 'Employer taxes - FUTA Employer', 'Employer taxes - Social Security Employer', 'Employer taxes - Medicare Employer', 'Employer taxes - AR SUI Employer', 'Total payroll cost']
2025-09-04 22:18:57,735 - INFO - First few rows of data:
                        Name    Pay date  ... Employer taxes - AR SUI Employer  Total payroll cost
0           Brown, Charles E  09/04/2025  ...                              NaN              974.46
1  Christodoulou, Courtney N  09/04/2025  ...                              NaN              842.89
2            Coburn, Cindy A  09/04/2025  ...                              NaN             1722.40
3          Coburn, Kenneth W  09/04/2025  ...                              NaN             1588.51
4            Conner, Kylie J  09/04/2025  ...                              NaN              723.41

[5 rows x 44 columns]
2025-09-04 22:18:57,735 - INFO - Analyzing template: ..\template_files\ARK format QBPayroll365xl-12.xlsm
2025-09-04 22:18:57,893 - INFO - Template analysis complete. Headers: 9
2025-09-04 22:18:57,893 - INFO - Applying mapping rules to input data
2025-09-04 22:18:57,893 - WARNING - Column 'Net Pay' not found in input data
2025-09-04 22:18:57,893 - WARNING - Column 'Adjusted Gross' not found in input data
2025-09-04 22:18:57,893 - WARNING - Column 'Employee taxes - SS + Employee taxes - Med Total' not found in input data
2025-09-04 22:18:57,899 - WARNING - Column 'Pay Date' not found in input data
2025-09-04 22:18:57,901 - INFO - Mapping applied successfully. Output shape: (242, 9)
2025-09-04 22:18:57,901 - INFO - Saving output to: ..\output_files\AlpenaCStoreLLC_PayrollDetails_09042025_1829_formatted.xls
2025-09-04 22:18:57,932 - INFO - Output saved successfully: AlpenaCStoreLLC_PayrollDetails_09042025_1829_formatted.xls
2025-09-04 22:18:57,932 - INFO - Successfully processed: AlpenaCStoreLLC_PayrollDetails_09042025_1829.xls -> AlpenaCStoreLLC_PayrollDetails_09042025_1829_formatted.xls
2025-09-04 22:18:57,932 - INFO - Batch processing complete. Generated 1 output files
2025-09-04 22:18:57,933 - INFO - Excel Formatter completed successfully
2025-09-04 22:19:17,450 - INFO - Starting Excel Formatter
2025-09-04 22:19:17,451 - INFO - ExcelFormatter initialized successfully
2025-09-04 22:19:17,451 - INFO - Starting batch processing of all files
2025-09-04 22:19:17,451 - INFO - Using template: ARK format QBPayroll365xl-12.xlsm
2025-09-04 22:19:17,451 - INFO - Processing file: AlpenaCStoreLLC_PayrollDetails_09042025_1829.xls
2025-09-04 22:19:17,452 - INFO - Reading file: ..\input_files\AlpenaCStoreLLC_PayrollDetails_09042025_1829.xls
2025-09-04 22:19:17,463 - INFO - Found potential header row 4 with content: name pay date time period hours - total hours - regular hours - sal hours - ot hours - regular pay h
2025-09-04 22:19:17,472 - INFO - Found headers at row 4
2025-09-04 22:19:17,472 - INFO - Successfully read 242 rows from AlpenaCStoreLLC_PayrollDetails_09042025_1829.xls
2025-09-04 22:19:17,472 - INFO - Available columns in AlpenaCStoreLLC_PayrollDetails_09042025_1829.xls: ['Name', 'Pay date', 'Time period', 'Hours - total', 'Hours - Regular', 'Hours - Sal', 'Hours - OT', 'Hours - Regular Pay', 'Hours - Salary', 'Hours - Overtime Pay', 'Gross pay - total', 'Gross pay - Regular', 'Gross pay - Sal', 'Gross pay - OT', 'Gross pay - Regular Pay', 'Gross pay - Salary', 'Gross pay - Overtime Pay', 'Adjusted gross', 'Other pay - total', 'Employee taxes - total', 'Employee taxes - FIT', 'Employee taxes - SS', 'Employee taxes - Med', 'Employee taxes - AR PIT', 'Employee Aftertax deductions - total', 'Employee Aftertax deductions - Rem ID: 492720887122054C', 'Employee Aftertax deductions - Ford Motor Credit', 'Employee Aftertax deductions - Case CV-23-72', 'Employee taxes - Federal Income Tax', 'Employee taxes - Social Security', 'Employee taxes - Medicare', 'Employee taxes - AR Income Tax', 'Net pay', 'Employer taxes & contributions - total', 'Employer taxes - total', 'Employer taxes - FUTA', 'Employer taxes - SS', 'Employer taxes - Med', 'Employer taxes - AR SUI', 'Employer taxes - FUTA Employer', 'Employer taxes - Social Security Employer', 'Employer taxes - Medicare Employer', 'Employer taxes - AR SUI Employer', 'Total payroll cost']
2025-09-04 22:19:17,472 - INFO - Total columns: 44
2025-09-04 22:19:17,487 - INFO - First few rows of data:
                        Name  ... Total payroll cost
0           Brown, Charles E  ...             974.46
1  Christodoulou, Courtney N  ...             842.89
2            Coburn, Cindy A  ...            1722.40
3          Coburn, Kenneth W  ...            1588.51
4            Conner, Kylie J  ...             723.41

[5 rows x 44 columns]
2025-09-04 22:19:17,487 - INFO - Analyzing template: ..\template_files\ARK format QBPayroll365xl-12.xlsm
2025-09-04 22:19:17,649 - INFO - Template analysis complete. Headers: 9
2025-09-04 22:19:17,649 - INFO - Applying mapping rules to input data
2025-09-04 22:19:17,649 - WARNING - Column 'Net Pay' not found in input data
2025-09-04 22:19:17,649 - WARNING - Column 'Adjusted Gross' not found in input data
2025-09-04 22:19:17,650 - WARNING - Column 'Employee taxes - SS + Employee taxes - Med Total' not found in input data
2025-09-04 22:19:17,655 - WARNING - Column 'Pay Date' not found in input data
2025-09-04 22:19:17,655 - INFO - Mapping applied successfully. Output shape: (242, 9)
2025-09-04 22:19:17,655 - INFO - Saving output to: ..\output_files\AlpenaCStoreLLC_PayrollDetails_09042025_1829_formatted.xls
2025-09-04 22:19:17,688 - INFO - Output saved successfully: AlpenaCStoreLLC_PayrollDetails_09042025_1829_formatted.xls
2025-09-04 22:19:17,688 - INFO - Successfully processed: AlpenaCStoreLLC_PayrollDetails_09042025_1829.xls -> AlpenaCStoreLLC_PayrollDetails_09042025_1829_formatted.xls
2025-09-04 22:19:17,688 - INFO - Batch processing complete. Generated 1 output files
2025-09-04 22:19:17,689 - ERROR - Excel Formatter failed: 'charmap' codec can't encode character '\u2705' in position 2: character maps to <undefined>
2025-09-04 22:19:39,921 - INFO - Starting Excel Formatter
2025-09-04 22:19:39,922 - INFO - ExcelFormatter initialized successfully
2025-09-04 22:19:39,922 - INFO - Starting batch processing of all files
2025-09-04 22:19:39,923 - INFO - Using template: ARK format QBPayroll365xl-12.xlsm
2025-09-04 22:19:39,923 - INFO - Processing file: AlpenaCStoreLLC_PayrollDetails_09042025_1829.xls
2025-09-04 22:19:39,923 - INFO - Reading file: ..\input_files\AlpenaCStoreLLC_PayrollDetails_09042025_1829.xls
2025-09-04 22:19:39,935 - INFO - Found potential header row 4 with content: name pay date time period hours - total hours - regular hours - sal hours - ot hours - regular pay h
2025-09-04 22:19:39,944 - INFO - Found headers at row 4
2025-09-04 22:19:39,944 - INFO - Successfully read 242 rows from AlpenaCStoreLLC_PayrollDetails_09042025_1829.xls
2025-09-04 22:19:39,944 - INFO - Available columns in AlpenaCStoreLLC_PayrollDetails_09042025_1829.xls: ['Name', 'Pay date', 'Time period', 'Hours - total', 'Hours - Regular', 'Hours - Sal', 'Hours - OT', 'Hours - Regular Pay', 'Hours - Salary', 'Hours - Overtime Pay', 'Gross pay - total', 'Gross pay - Regular', 'Gross pay - Sal', 'Gross pay - OT', 'Gross pay - Regular Pay', 'Gross pay - Salary', 'Gross pay - Overtime Pay', 'Adjusted gross', 'Other pay - total', 'Employee taxes - total', 'Employee taxes - FIT', 'Employee taxes - SS', 'Employee taxes - Med', 'Employee taxes - AR PIT', 'Employee Aftertax deductions - total', 'Employee Aftertax deductions - Rem ID: 492720887122054C', 'Employee Aftertax deductions - Ford Motor Credit', 'Employee Aftertax deductions - Case CV-23-72', 'Employee taxes - Federal Income Tax', 'Employee taxes - Social Security', 'Employee taxes - Medicare', 'Employee taxes - AR Income Tax', 'Net pay', 'Employer taxes & contributions - total', 'Employer taxes - total', 'Employer taxes - FUTA', 'Employer taxes - SS', 'Employer taxes - Med', 'Employer taxes - AR SUI', 'Employer taxes - FUTA Employer', 'Employer taxes - Social Security Employer', 'Employer taxes - Medicare Employer', 'Employer taxes - AR SUI Employer', 'Total payroll cost']
2025-09-04 22:19:39,944 - INFO - Total columns: 44
2025-09-04 22:19:39,961 - INFO - First few rows of data:
                        Name    Pay date  ... Employer taxes - AR SUI Employer  Total payroll cost
0           Brown, Charles E  09/04/2025  ...                              NaN              974.46
1  Christodoulou, Courtney N  09/04/2025  ...                              NaN              842.89
2            Coburn, Cindy A  09/04/2025  ...                              NaN             1722.40
3          Coburn, Kenneth W  09/04/2025  ...                              NaN             1588.51
4            Conner, Kylie J  09/04/2025  ...                              NaN              723.41

[5 rows x 44 columns]
2025-09-04 22:19:39,961 - INFO - Analyzing template: ..\template_files\ARK format QBPayroll365xl-12.xlsm
2025-09-04 22:19:40,121 - INFO - Template analysis complete. Headers: 9
2025-09-04 22:19:40,121 - INFO - Applying mapping rules to input data
2025-09-04 22:19:40,133 - INFO - Mapping applied successfully. Output shape: (242, 9)
2025-09-04 22:19:40,133 - INFO - Saving output to: ..\output_files\AlpenaCStoreLLC_PayrollDetails_09042025_1829_formatted.xls
2025-09-04 22:19:40,166 - INFO - Output saved successfully: AlpenaCStoreLLC_PayrollDetails_09042025_1829_formatted.xls
2025-09-04 22:19:40,166 - INFO - Successfully processed: AlpenaCStoreLLC_PayrollDetails_09042025_1829.xls -> AlpenaCStoreLLC_PayrollDetails_09042025_1829_formatted.xls
2025-09-04 22:19:40,166 - INFO - Batch processing complete. Generated 1 output files
2025-09-04 22:19:40,166 - INFO - Excel Formatter completed successfully
2025-09-04 22:23:30,847 - INFO - Starting Excel Formatter
2025-09-04 22:23:30,847 - INFO - ExcelFormatter initialized successfully
2025-09-04 22:23:30,847 - INFO - Starting batch processing of all files
2025-09-04 22:23:30,848 - INFO - Using template: ARK format QBPayroll365xl-12.xlsm
2025-09-04 22:23:30,848 - INFO - Processing file: AlpenaCStoreLLC_PayrollDetails_09042025_1829.xls
2025-09-04 22:23:30,848 - INFO - Reading file: ..\input_files\AlpenaCStoreLLC_PayrollDetails_09042025_1829.xls
2025-09-04 22:23:30,860 - INFO - Found potential header row 4 with content: name pay date time period hours - total hours - regular hours - sal hours - ot hours - regular pay h
2025-09-04 22:23:30,870 - INFO - Found headers at row 4
2025-09-04 22:23:30,870 - INFO - Successfully read 242 rows from AlpenaCStoreLLC_PayrollDetails_09042025_1829.xls
2025-09-04 22:23:30,870 - INFO - Available columns in AlpenaCStoreLLC_PayrollDetails_09042025_1829.xls: ['Name', 'Pay date', 'Time period', 'Hours - total', 'Hours - Regular', 'Hours - Sal', 'Hours - OT', 'Hours - Regular Pay', 'Hours - Salary', 'Hours - Overtime Pay', 'Gross pay - total', 'Gross pay - Regular', 'Gross pay - Sal', 'Gross pay - OT', 'Gross pay - Regular Pay', 'Gross pay - Salary', 'Gross pay - Overtime Pay', 'Adjusted gross', 'Other pay - total', 'Employee taxes - total', 'Employee taxes - FIT', 'Employee taxes - SS', 'Employee taxes - Med', 'Employee taxes - AR PIT', 'Employee Aftertax deductions - total', 'Employee Aftertax deductions - Rem ID: 492720887122054C', 'Employee Aftertax deductions - Ford Motor Credit', 'Employee Aftertax deductions - Case CV-23-72', 'Employee taxes - Federal Income Tax', 'Employee taxes - Social Security', 'Employee taxes - Medicare', 'Employee taxes - AR Income Tax', 'Net pay', 'Employer taxes & contributions - total', 'Employer taxes - total', 'Employer taxes - FUTA', 'Employer taxes - SS', 'Employer taxes - Med', 'Employer taxes - AR SUI', 'Employer taxes - FUTA Employer', 'Employer taxes - Social Security Employer', 'Employer taxes - Medicare Employer', 'Employer taxes - AR SUI Employer', 'Total payroll cost']
2025-09-04 22:23:30,870 - INFO - Total columns: 44
2025-09-04 22:23:30,887 - INFO - First few rows of data:
                        Name    Pay date  ... Employer taxes - AR SUI Employer  Total payroll cost
0           Brown, Charles E  09/04/2025  ...                              NaN              974.46
1  Christodoulou, Courtney N  09/04/2025  ...                              NaN              842.89
2            Coburn, Cindy A  09/04/2025  ...                              NaN             1722.40
3          Coburn, Kenneth W  09/04/2025  ...                              NaN             1588.51
4            Conner, Kylie J  09/04/2025  ...                              NaN              723.41

[5 rows x 44 columns]
2025-09-04 22:23:30,887 - INFO - Analyzing template: ..\template_files\ARK format QBPayroll365xl-12.xlsm
2025-09-04 22:23:31,045 - INFO - Template analysis complete. Headers: 9
2025-09-04 22:23:31,045 - INFO - Applying mapping rules to input data
2025-09-04 22:23:31,056 - INFO - Mapping applied successfully. Output shape: (242, 9)
2025-09-04 22:23:31,056 - INFO - Saving output to: ..\output_files\AlpenaCStoreLLC_PayrollDetails_09042025_1829_formatted.xlsx
2025-09-04 22:23:31,096 - INFO - Output saved successfully: AlpenaCStoreLLC_PayrollDetails_09042025_1829_formatted.xlsx
2025-09-04 22:23:31,096 - INFO - Successfully processed: AlpenaCStoreLLC_PayrollDetails_09042025_1829.xls -> AlpenaCStoreLLC_PayrollDetails_09042025_1829_formatted.xlsx
2025-09-04 22:23:31,096 - INFO - Batch processing complete. Generated 1 output files
2025-09-04 22:23:31,096 - INFO - Excel Formatter completed successfully
2025-09-04 22:24:02,622 - INFO - Starting Excel Formatter
2025-09-04 22:24:02,622 - INFO - ExcelFormatter initialized successfully
2025-09-04 22:24:02,622 - INFO - Starting batch processing of all files
2025-09-04 22:24:02,623 - INFO - Using template: ARK format QBPayroll365xl-12.xlsm
2025-09-04 22:24:02,623 - INFO - Processing file: AlpenaCStoreLLC_PayrollDetails_09042025_1829.xls
2025-09-04 22:24:02,623 - INFO - Reading file: ..\input_files\AlpenaCStoreLLC_PayrollDetails_09042025_1829.xls
2025-09-04 22:24:02,634 - INFO - Found potential header row 4 with content: name pay date time period hours - total hours - regular hours - sal hours - ot hours - regular pay h
2025-09-04 22:24:02,644 - INFO - Found headers at row 4
2025-09-04 22:24:02,645 - INFO - Successfully read 242 rows from AlpenaCStoreLLC_PayrollDetails_09042025_1829.xls
2025-09-04 22:24:02,645 - INFO - Available columns in AlpenaCStoreLLC_PayrollDetails_09042025_1829.xls: ['Name', 'Pay date', 'Time period', 'Hours - total', 'Hours - Regular', 'Hours - Sal', 'Hours - OT', 'Hours - Regular Pay', 'Hours - Salary', 'Hours - Overtime Pay', 'Gross pay - total', 'Gross pay - Regular', 'Gross pay - Sal', 'Gross pay - OT', 'Gross pay - Regular Pay', 'Gross pay - Salary', 'Gross pay - Overtime Pay', 'Adjusted gross', 'Other pay - total', 'Employee taxes - total', 'Employee taxes - FIT', 'Employee taxes - SS', 'Employee taxes - Med', 'Employee taxes - AR PIT', 'Employee Aftertax deductions - total', 'Employee Aftertax deductions - Rem ID: 492720887122054C', 'Employee Aftertax deductions - Ford Motor Credit', 'Employee Aftertax deductions - Case CV-23-72', 'Employee taxes - Federal Income Tax', 'Employee taxes - Social Security', 'Employee taxes - Medicare', 'Employee taxes - AR Income Tax', 'Net pay', 'Employer taxes & contributions - total', 'Employer taxes - total', 'Employer taxes - FUTA', 'Employer taxes - SS', 'Employer taxes - Med', 'Employer taxes - AR SUI', 'Employer taxes - FUTA Employer', 'Employer taxes - Social Security Employer', 'Employer taxes - Medicare Employer', 'Employer taxes - AR SUI Employer', 'Total payroll cost']
2025-09-04 22:24:02,645 - INFO - Total columns: 44
2025-09-04 22:24:02,661 - INFO - First few rows of data:
                        Name    Pay date  ... Employer taxes - AR SUI Employer  Total payroll cost
0           Brown, Charles E  09/04/2025  ...                              NaN              974.46
1  Christodoulou, Courtney N  09/04/2025  ...                              NaN              842.89
2            Coburn, Cindy A  09/04/2025  ...                              NaN             1722.40
3          Coburn, Kenneth W  09/04/2025  ...                              NaN             1588.51
4            Conner, Kylie J  09/04/2025  ...                              NaN              723.41

[5 rows x 44 columns]
2025-09-04 22:24:02,662 - INFO - Analyzing template: ..\template_files\ARK format QBPayroll365xl-12.xlsm
2025-09-04 22:24:02,817 - INFO - Template analysis complete. Headers: 9
2025-09-04 22:24:02,817 - INFO - Applying mapping rules to input data
2025-09-04 22:24:02,830 - INFO - Mapping applied successfully. Output shape: (242, 9)
2025-09-04 22:24:02,830 - INFO - Saving output to: ..\output_files\AlpenaCStoreLLC_PayrollDetails_09042025_1829_formatted.xlsx
2025-09-04 22:24:02,867 - INFO - Output saved successfully: AlpenaCStoreLLC_PayrollDetails_09042025_1829_formatted.xlsx
2025-09-04 22:24:02,867 - INFO - Successfully processed: AlpenaCStoreLLC_PayrollDetails_09042025_1829.xls -> AlpenaCStoreLLC_PayrollDetails_09042025_1829_formatted.xlsx
2025-09-04 22:24:02,867 - INFO - Batch processing complete. Generated 1 output files
2025-09-04 22:24:02,867 - INFO - Excel Formatter completed successfully
2025-09-04 22:29:29,318 - INFO - Starting Excel Formatter
2025-09-04 22:29:29,320 - INFO - Configuration loaded successfully
2025-09-04 22:29:29,320 - INFO - ExcelFormatter initialized successfully
2025-09-04 22:29:29,320 - INFO - Starting batch processing of all files
2025-09-04 22:29:29,321 - INFO - Using template: ARK format QBPayroll365xl-12.xlsm
2025-09-04 22:29:29,321 - INFO - Processing file: AlpenaCStoreLLC_PayrollDetails_09042025_1829.xls
2025-09-04 22:29:29,321 - INFO - Reading file: ..\input_files\AlpenaCStoreLLC_PayrollDetails_09042025_1829.xls
2025-09-04 22:29:29,334 - INFO - Found potential header row 4 with content: name pay date time period hours - total hours - regular hours - sal hours - ot hours - regular pay h
2025-09-04 22:29:29,344 - INFO - Found headers at row 4
2025-09-04 22:29:29,344 - INFO - Successfully read 242 rows from AlpenaCStoreLLC_PayrollDetails_09042025_1829.xls
2025-09-04 22:29:29,344 - INFO - Available columns in AlpenaCStoreLLC_PayrollDetails_09042025_1829.xls: ['Name', 'Pay date', 'Time period', 'Hours - total', 'Hours - Regular', 'Hours - Sal', 'Hours - OT', 'Hours - Regular Pay', 'Hours - Salary', 'Hours - Overtime Pay', 'Gross pay - total', 'Gross pay - Regular', 'Gross pay - Sal', 'Gross pay - OT', 'Gross pay - Regular Pay', 'Gross pay - Salary', 'Gross pay - Overtime Pay', 'Adjusted gross', 'Other pay - total', 'Employee taxes - total', 'Employee taxes - FIT', 'Employee taxes - SS', 'Employee taxes - Med', 'Employee taxes - AR PIT', 'Employee Aftertax deductions - total', 'Employee Aftertax deductions - Rem ID: 492720887122054C', 'Employee Aftertax deductions - Ford Motor Credit', 'Employee Aftertax deductions - Case CV-23-72', 'Employee taxes - Federal Income Tax', 'Employee taxes - Social Security', 'Employee taxes - Medicare', 'Employee taxes - AR Income Tax', 'Net pay', 'Employer taxes & contributions - total', 'Employer taxes - total', 'Employer taxes - FUTA', 'Employer taxes - SS', 'Employer taxes - Med', 'Employer taxes - AR SUI', 'Employer taxes - FUTA Employer', 'Employer taxes - Social Security Employer', 'Employer taxes - Medicare Employer', 'Employer taxes - AR SUI Employer', 'Total payroll cost']
2025-09-04 22:29:29,345 - INFO - Total columns: 44
2025-09-04 22:29:29,363 - INFO - First few rows of data:
                        Name    Pay date  ... Employer taxes - AR SUI Employer  Total payroll cost
0           Brown, Charles E  09/04/2025  ...                              NaN              974.46
1  Christodoulou, Courtney N  09/04/2025  ...                              NaN              842.89
2            Coburn, Cindy A  09/04/2025  ...                              NaN             1722.40
3          Coburn, Kenneth W  09/04/2025  ...                              NaN             1588.51
4            Conner, Kylie J  09/04/2025  ...                              NaN              723.41

[5 rows x 44 columns]
2025-09-04 22:29:29,363 - INFO - Analyzing template: ..\template_files\ARK format QBPayroll365xl-12.xlsm
2025-09-04 22:29:29,535 - INFO - Template analysis complete. Headers: 9
2025-09-04 22:29:29,535 - INFO - Applying mapping rules to input data
2025-09-04 22:29:29,547 - INFO - Mapping applied successfully. Output shape: (242, 8)
2025-09-04 22:29:29,548 - INFO - Saving output to: ..\output_files\AlpenaCStoreLLC_PayrollDetails_09042025_1829_formatted.xlsx
2025-09-04 22:29:29,551 - ERROR - Error saving output file ..\output_files\AlpenaCStoreLLC_PayrollDetails_09042025_1829_formatted.xlsx: [Errno 13] Permission denied: '..\\output_files\\AlpenaCStoreLLC_PayrollDetails_09042025_1829_formatted.xlsx'
2025-09-04 22:29:29,551 - ERROR - Error processing file AlpenaCStoreLLC_PayrollDetails_09042025_1829.xls: [Errno 13] Permission denied: '..\\output_files\\AlpenaCStoreLLC_PayrollDetails_09042025_1829_formatted.xlsx'
2025-09-04 22:29:29,551 - ERROR - Failed to process AlpenaCStoreLLC_PayrollDetails_09042025_1829.xls: [Errno 13] Permission denied: '..\\output_files\\AlpenaCStoreLLC_PayrollDetails_09042025_1829_formatted.xlsx'
2025-09-04 22:29:29,551 - INFO - Batch processing complete. Generated 0 output files
2025-09-04 22:29:29,551 - INFO - Excel Formatter completed successfully
2025-09-04 22:29:40,973 - INFO - Starting Excel Formatter
2025-09-04 22:29:40,974 - INFO - Configuration loaded successfully
2025-09-04 22:29:40,974 - INFO - ExcelFormatter initialized successfully
2025-09-04 22:29:40,974 - INFO - Starting batch processing of all files
2025-09-04 22:29:40,974 - INFO - Using template: ARK format QBPayroll365xl-12.xlsm
2025-09-04 22:29:40,974 - INFO - Processing file: AlpenaCStoreLLC_PayrollDetails_09042025_1829.xls
2025-09-04 22:29:40,974 - INFO - Reading file: ..\input_files\AlpenaCStoreLLC_PayrollDetails_09042025_1829.xls
2025-09-04 22:29:40,986 - INFO - Found potential header row 4 with content: name pay date time period hours - total hours - regular hours - sal hours - ot hours - regular pay h
2025-09-04 22:29:40,995 - INFO - Found headers at row 4
2025-09-04 22:29:40,995 - INFO - Successfully read 242 rows from AlpenaCStoreLLC_PayrollDetails_09042025_1829.xls
2025-09-04 22:29:40,995 - INFO - Available columns in AlpenaCStoreLLC_PayrollDetails_09042025_1829.xls: ['Name', 'Pay date', 'Time period', 'Hours - total', 'Hours - Regular', 'Hours - Sal', 'Hours - OT', 'Hours - Regular Pay', 'Hours - Salary', 'Hours - Overtime Pay', 'Gross pay - total', 'Gross pay - Regular', 'Gross pay - Sal', 'Gross pay - OT', 'Gross pay - Regular Pay', 'Gross pay - Salary', 'Gross pay - Overtime Pay', 'Adjusted gross', 'Other pay - total', 'Employee taxes - total', 'Employee taxes - FIT', 'Employee taxes - SS', 'Employee taxes - Med', 'Employee taxes - AR PIT', 'Employee Aftertax deductions - total', 'Employee Aftertax deductions - Rem ID: 492720887122054C', 'Employee Aftertax deductions - Ford Motor Credit', 'Employee Aftertax deductions - Case CV-23-72', 'Employee taxes - Federal Income Tax', 'Employee taxes - Social Security', 'Employee taxes - Medicare', 'Employee taxes - AR Income Tax', 'Net pay', 'Employer taxes & contributions - total', 'Employer taxes - total', 'Employer taxes - FUTA', 'Employer taxes - SS', 'Employer taxes - Med', 'Employer taxes - AR SUI', 'Employer taxes - FUTA Employer', 'Employer taxes - Social Security Employer', 'Employer taxes - Medicare Employer', 'Employer taxes - AR SUI Employer', 'Total payroll cost']
2025-09-04 22:29:40,995 - INFO - Total columns: 44
2025-09-04 22:29:41,010 - INFO - First few rows of data:
                        Name  ... Total payroll cost
0           Brown, Charles E  ...             974.46
1  Christodoulou, Courtney N  ...             842.89
2            Coburn, Cindy A  ...            1722.40
3          Coburn, Kenneth W  ...            1588.51
4            Conner, Kylie J  ...             723.41

[5 rows x 44 columns]
2025-09-04 22:29:41,010 - INFO - Analyzing template: ..\template_files\ARK format QBPayroll365xl-12.xlsm
2025-09-04 22:29:41,165 - INFO - Template analysis complete. Headers: 9
2025-09-04 22:29:41,165 - INFO - Applying mapping rules to input data
2025-09-04 22:29:41,177 - INFO - Mapping applied successfully. Output shape: (242, 8)
2025-09-04 22:29:41,177 - INFO - Saving output to: ..\output_files\AlpenaCStoreLLC_PayrollDetails_09042025_1829_formatted.xlsx
2025-09-04 22:29:41,180 - ERROR - Error saving output file ..\output_files\AlpenaCStoreLLC_PayrollDetails_09042025_1829_formatted.xlsx: [Errno 13] Permission denied: '..\\output_files\\AlpenaCStoreLLC_PayrollDetails_09042025_1829_formatted.xlsx'
2025-09-04 22:29:41,180 - ERROR - Error processing file AlpenaCStoreLLC_PayrollDetails_09042025_1829.xls: [Errno 13] Permission denied: '..\\output_files\\AlpenaCStoreLLC_PayrollDetails_09042025_1829_formatted.xlsx'
2025-09-04 22:29:41,180 - ERROR - Failed to process AlpenaCStoreLLC_PayrollDetails_09042025_1829.xls: [Errno 13] Permission denied: '..\\output_files\\AlpenaCStoreLLC_PayrollDetails_09042025_1829_formatted.xlsx'
2025-09-04 22:29:41,180 - INFO - Batch processing complete. Generated 0 output files
2025-09-04 22:29:41,180 - ERROR - Excel Formatter failed: 'charmap' codec can't encode character '\u274c' in position 2: character maps to <undefined>
2025-09-04 22:29:51,174 - INFO - Starting Excel Formatter
2025-09-04 22:29:51,174 - INFO - Configuration loaded successfully
2025-09-04 22:29:51,175 - INFO - ExcelFormatter initialized successfully
2025-09-04 22:29:51,175 - INFO - Starting batch processing of all files
2025-09-04 22:29:51,175 - INFO - Using template: ARK format QBPayroll365xl-12.xlsm
2025-09-04 22:29:51,175 - INFO - Processing file: AlpenaCStoreLLC_PayrollDetails_09042025_1829.xls
2025-09-04 22:29:51,175 - INFO - Reading file: ..\input_files\AlpenaCStoreLLC_PayrollDetails_09042025_1829.xls
2025-09-04 22:29:51,188 - INFO - Found potential header row 4 with content: name pay date time period hours - total hours - regular hours - sal hours - ot hours - regular pay h
2025-09-04 22:29:51,197 - INFO - Found headers at row 4
2025-09-04 22:29:51,197 - INFO - Successfully read 242 rows from AlpenaCStoreLLC_PayrollDetails_09042025_1829.xls
2025-09-04 22:29:51,197 - INFO - Available columns in AlpenaCStoreLLC_PayrollDetails_09042025_1829.xls: ['Name', 'Pay date', 'Time period', 'Hours - total', 'Hours - Regular', 'Hours - Sal', 'Hours - OT', 'Hours - Regular Pay', 'Hours - Salary', 'Hours - Overtime Pay', 'Gross pay - total', 'Gross pay - Regular', 'Gross pay - Sal', 'Gross pay - OT', 'Gross pay - Regular Pay', 'Gross pay - Salary', 'Gross pay - Overtime Pay', 'Adjusted gross', 'Other pay - total', 'Employee taxes - total', 'Employee taxes - FIT', 'Employee taxes - SS', 'Employee taxes - Med', 'Employee taxes - AR PIT', 'Employee Aftertax deductions - total', 'Employee Aftertax deductions - Rem ID: 492720887122054C', 'Employee Aftertax deductions - Ford Motor Credit', 'Employee Aftertax deductions - Case CV-23-72', 'Employee taxes - Federal Income Tax', 'Employee taxes - Social Security', 'Employee taxes - Medicare', 'Employee taxes - AR Income Tax', 'Net pay', 'Employer taxes & contributions - total', 'Employer taxes - total', 'Employer taxes - FUTA', 'Employer taxes - SS', 'Employer taxes - Med', 'Employer taxes - AR SUI', 'Employer taxes - FUTA Employer', 'Employer taxes - Social Security Employer', 'Employer taxes - Medicare Employer', 'Employer taxes - AR SUI Employer', 'Total payroll cost']
2025-09-04 22:29:51,198 - INFO - Total columns: 44
2025-09-04 22:29:51,213 - INFO - First few rows of data:
                        Name    Pay date  ... Employer taxes - AR SUI Employer  Total payroll cost
0           Brown, Charles E  09/04/2025  ...                              NaN              974.46
1  Christodoulou, Courtney N  09/04/2025  ...                              NaN              842.89
2            Coburn, Cindy A  09/04/2025  ...                              NaN             1722.40
3          Coburn, Kenneth W  09/04/2025  ...                              NaN             1588.51
4            Conner, Kylie J  09/04/2025  ...                              NaN              723.41

[5 rows x 44 columns]
2025-09-04 22:29:51,213 - INFO - Analyzing template: ..\template_files\ARK format QBPayroll365xl-12.xlsm
2025-09-04 22:29:51,395 - INFO - Template analysis complete. Headers: 9
2025-09-04 22:29:51,395 - INFO - Applying mapping rules to input data
2025-09-04 22:29:51,407 - INFO - Mapping applied successfully. Output shape: (242, 8)
2025-09-04 22:29:51,408 - INFO - Saving output to: ..\output_files\AlpenaCStoreLLC_PayrollDetails_09042025_1829_formatted.xlsx
2025-09-04 22:29:51,411 - ERROR - Error saving output file ..\output_files\AlpenaCStoreLLC_PayrollDetails_09042025_1829_formatted.xlsx: [Errno 13] Permission denied: '..\\output_files\\AlpenaCStoreLLC_PayrollDetails_09042025_1829_formatted.xlsx'
2025-09-04 22:29:51,411 - ERROR - Error processing file AlpenaCStoreLLC_PayrollDetails_09042025_1829.xls: [Errno 13] Permission denied: '..\\output_files\\AlpenaCStoreLLC_PayrollDetails_09042025_1829_formatted.xlsx'
2025-09-04 22:29:51,411 - ERROR - Failed to process AlpenaCStoreLLC_PayrollDetails_09042025_1829.xls: [Errno 13] Permission denied: '..\\output_files\\AlpenaCStoreLLC_PayrollDetails_09042025_1829_formatted.xlsx'
2025-09-04 22:29:51,412 - INFO - Batch processing complete. Generated 0 output files
2025-09-04 22:29:51,412 - INFO - Excel Formatter completed successfully
2025-09-04 22:30:07,778 - INFO - Starting Excel Formatter
2025-09-04 22:30:07,779 - INFO - Configuration loaded successfully
2025-09-04 22:30:07,779 - INFO - ExcelFormatter initialized successfully
2025-09-04 22:30:07,779 - INFO - Starting batch processing of all files
2025-09-04 22:30:07,780 - INFO - Using template: ARK format QBPayroll365xl-12.xlsm
2025-09-04 22:30:07,780 - INFO - Processing file: AlpenaCStoreLLC_PayrollDetails_09042025_1829.xls
2025-09-04 22:30:07,780 - INFO - Reading file: ..\input_files\AlpenaCStoreLLC_PayrollDetails_09042025_1829.xls
2025-09-04 22:30:07,805 - INFO - Found potential header row 4 with content: name pay date time period hours - total hours - regular hours - sal hours - ot hours - regular pay h
2025-09-04 22:30:07,815 - INFO - Found headers at row 4
2025-09-04 22:30:07,815 - INFO - Successfully read 242 rows from AlpenaCStoreLLC_PayrollDetails_09042025_1829.xls
2025-09-04 22:30:07,815 - INFO - Available columns in AlpenaCStoreLLC_PayrollDetails_09042025_1829.xls: ['Name', 'Pay date', 'Time period', 'Hours - total', 'Hours - Regular', 'Hours - Sal', 'Hours - OT', 'Hours - Regular Pay', 'Hours - Salary', 'Hours - Overtime Pay', 'Gross pay - total', 'Gross pay - Regular', 'Gross pay - Sal', 'Gross pay - OT', 'Gross pay - Regular Pay', 'Gross pay - Salary', 'Gross pay - Overtime Pay', 'Adjusted gross', 'Other pay - total', 'Employee taxes - total', 'Employee taxes - FIT', 'Employee taxes - SS', 'Employee taxes - Med', 'Employee taxes - AR PIT', 'Employee Aftertax deductions - total', 'Employee Aftertax deductions - Rem ID: 492720887122054C', 'Employee Aftertax deductions - Ford Motor Credit', 'Employee Aftertax deductions - Case CV-23-72', 'Employee taxes - Federal Income Tax', 'Employee taxes - Social Security', 'Employee taxes - Medicare', 'Employee taxes - AR Income Tax', 'Net pay', 'Employer taxes & contributions - total', 'Employer taxes - total', 'Employer taxes - FUTA', 'Employer taxes - SS', 'Employer taxes - Med', 'Employer taxes - AR SUI', 'Employer taxes - FUTA Employer', 'Employer taxes - Social Security Employer', 'Employer taxes - Medicare Employer', 'Employer taxes - AR SUI Employer', 'Total payroll cost']
2025-09-04 22:30:07,815 - INFO - Total columns: 44
2025-09-04 22:30:07,832 - INFO - First few rows of data:
                        Name    Pay date  ... Employer taxes - AR SUI Employer  Total payroll cost
0           Brown, Charles E  09/04/2025  ...                              NaN              974.46
1  Christodoulou, Courtney N  09/04/2025  ...                              NaN              842.89
2            Coburn, Cindy A  09/04/2025  ...                              NaN             1722.40
3          Coburn, Kenneth W  09/04/2025  ...                              NaN             1588.51
4            Conner, Kylie J  09/04/2025  ...                              NaN              723.41

[5 rows x 44 columns]
2025-09-04 22:30:07,832 - INFO - Analyzing template: ..\template_files\ARK format QBPayroll365xl-12.xlsm
2025-09-04 22:30:07,987 - INFO - Template analysis complete. Headers: 9
2025-09-04 22:30:07,987 - INFO - Applying mapping rules to input data
2025-09-04 22:30:07,999 - INFO - Mapping applied successfully. Output shape: (242, 8)
2025-09-04 22:30:07,999 - INFO - Saving output to: ..\output_files\AlpenaCStoreLLC_PayrollDetails_09042025_1829_formatted_20250904_223007.xlsx
2025-09-04 22:30:08,053 - WARNING - Error formatting headers: Colors must be aRGB hex values
2025-09-04 22:30:08,092 - INFO - Formatting applied successfully
2025-09-04 22:30:08,092 - INFO - Output saved successfully: AlpenaCStoreLLC_PayrollDetails_09042025_1829_formatted_20250904_223007.xlsx
2025-09-04 22:30:08,092 - INFO - Successfully processed: AlpenaCStoreLLC_PayrollDetails_09042025_1829.xls -> AlpenaCStoreLLC_PayrollDetails_09042025_1829_formatted_20250904_223007.xlsx
2025-09-04 22:30:08,092 - INFO - Batch processing complete. Generated 1 output files
2025-09-04 22:30:08,092 - INFO - Excel Formatter completed successfully
2025-09-04 22:34:54,942 - INFO - Starting Excel Formatter
2025-09-04 22:34:54,943 - INFO - Configuration loaded successfully
2025-09-04 22:34:54,943 - INFO - ExcelFormatter initialized successfully
2025-09-04 22:34:54,943 - INFO - Starting batch processing of all files
2025-09-04 22:34:54,944 - INFO - Using template: ARK format QBPayroll365xl-12.xlsm
2025-09-04 22:34:54,944 - INFO - Processing file: AlpenaCStoreLLC_PayrollDetails_09042025_1829.xls
2025-09-04 22:34:54,944 - INFO - Reading file: ..\input_files\AlpenaCStoreLLC_PayrollDetails_09042025_1829.xls
2025-09-04 22:34:54,956 - INFO - Found potential header row 4 with content: name pay date time period hours - total hours - regular hours - sal hours - ot hours - regular pay h
2025-09-04 22:34:54,965 - INFO - Found headers at row 4
2025-09-04 22:34:54,965 - INFO - Successfully read 242 rows from AlpenaCStoreLLC_PayrollDetails_09042025_1829.xls
2025-09-04 22:34:54,965 - INFO - Available columns in AlpenaCStoreLLC_PayrollDetails_09042025_1829.xls: ['Name', 'Pay date', 'Time period', 'Hours - total', 'Hours - Regular', 'Hours - Sal', 'Hours - OT', 'Hours - Regular Pay', 'Hours - Salary', 'Hours - Overtime Pay', 'Gross pay - total', 'Gross pay - Regular', 'Gross pay - Sal', 'Gross pay - OT', 'Gross pay - Regular Pay', 'Gross pay - Salary', 'Gross pay - Overtime Pay', 'Adjusted gross', 'Other pay - total', 'Employee taxes - total', 'Employee taxes - FIT', 'Employee taxes - SS', 'Employee taxes - Med', 'Employee taxes - AR PIT', 'Employee Aftertax deductions - total', 'Employee Aftertax deductions - Rem ID: 492720887122054C', 'Employee Aftertax deductions - Ford Motor Credit', 'Employee Aftertax deductions - Case CV-23-72', 'Employee taxes - Federal Income Tax', 'Employee taxes - Social Security', 'Employee taxes - Medicare', 'Employee taxes - AR Income Tax', 'Net pay', 'Employer taxes & contributions - total', 'Employer taxes - total', 'Employer taxes - FUTA', 'Employer taxes - SS', 'Employer taxes - Med', 'Employer taxes - AR SUI', 'Employer taxes - FUTA Employer', 'Employer taxes - Social Security Employer', 'Employer taxes - Medicare Employer', 'Employer taxes - AR SUI Employer', 'Total payroll cost']
2025-09-04 22:34:54,965 - INFO - Total columns: 44
2025-09-04 22:34:54,983 - INFO - First few rows of data:
                        Name    Pay date  ... Employer taxes - AR SUI Employer  Total payroll cost
0           Brown, Charles E  09/04/2025  ...                              NaN              974.46
1  Christodoulou, Courtney N  09/04/2025  ...                              NaN              842.89
2            Coburn, Cindy A  09/04/2025  ...                              NaN             1722.40
3          Coburn, Kenneth W  09/04/2025  ...                              NaN             1588.51
4            Conner, Kylie J  09/04/2025  ...                              NaN              723.41

[5 rows x 44 columns]
2025-09-04 22:34:54,983 - INFO - Analyzing template: ..\template_files\ARK format QBPayroll365xl-12.xlsm
2025-09-04 22:34:55,144 - INFO - Template analysis complete. Headers: 9
2025-09-04 22:34:55,144 - INFO - Applying mapping rules to input data
2025-09-04 22:34:55,155 - INFO - Mapping applied successfully. Output shape: (242, 8)
2025-09-04 22:34:55,155 - INFO - Saving output to: ..\output_files\AlpenaCStoreLLC_PayrollDetails_09042025_1829_formatted_20250904_223455.xlsx
2025-09-04 22:34:55,255 - INFO - Formatting applied successfully
2025-09-04 22:34:55,255 - INFO - Output saved successfully: AlpenaCStoreLLC_PayrollDetails_09042025_1829_formatted_20250904_223455.xlsx
2025-09-04 22:34:55,255 - INFO - Successfully processed: AlpenaCStoreLLC_PayrollDetails_09042025_1829.xls -> AlpenaCStoreLLC_PayrollDetails_09042025_1829_formatted_20250904_223455.xlsx
2025-09-04 22:34:55,255 - INFO - Batch processing complete. Generated 1 output files
2025-09-04 22:34:55,255 - INFO - Excel Formatter completed successfully
2025-09-04 22:38:50,986 - INFO - Starting Excel Formatter
2025-09-04 22:38:50,986 - INFO - Configuration loaded successfully
2025-09-04 22:38:50,988 - INFO - ExcelFormatter initialized successfully
2025-09-04 22:38:50,988 - INFO - Starting batch processing of all files
2025-09-04 22:38:50,988 - INFO - Using template: ARK format QBPayroll365xl-12.xlsm
2025-09-04 22:38:50,988 - INFO - Processing file: AlpenaCStoreLLC_PayrollDetails_09042025_1829.xls
2025-09-04 22:38:50,989 - INFO - Reading file: ..\input_files\AlpenaCStoreLLC_PayrollDetails_09042025_1829.xls
2025-09-04 22:38:51,002 - INFO - Found potential header row 4 with content: name pay date time period hours - total hours - regular hours - sal hours - ot hours - regular pay h
2025-09-04 22:38:51,012 - INFO - Found headers at row 4
2025-09-04 22:38:51,012 - INFO - Successfully read 242 rows from AlpenaCStoreLLC_PayrollDetails_09042025_1829.xls
2025-09-04 22:38:51,012 - INFO - Available columns in AlpenaCStoreLLC_PayrollDetails_09042025_1829.xls: ['Name', 'Pay date', 'Time period', 'Hours - total', 'Hours - Regular', 'Hours - Sal', 'Hours - OT', 'Hours - Regular Pay', 'Hours - Salary', 'Hours - Overtime Pay', 'Gross pay - total', 'Gross pay - Regular', 'Gross pay - Sal', 'Gross pay - OT', 'Gross pay - Regular Pay', 'Gross pay - Salary', 'Gross pay - Overtime Pay', 'Adjusted gross', 'Other pay - total', 'Employee taxes - total', 'Employee taxes - FIT', 'Employee taxes - SS', 'Employee taxes - Med', 'Employee taxes - AR PIT', 'Employee Aftertax deductions - total', 'Employee Aftertax deductions - Rem ID: 492720887122054C', 'Employee Aftertax deductions - Ford Motor Credit', 'Employee Aftertax deductions - Case CV-23-72', 'Employee taxes - Federal Income Tax', 'Employee taxes - Social Security', 'Employee taxes - Medicare', 'Employee taxes - AR Income Tax', 'Net pay', 'Employer taxes & contributions - total', 'Employer taxes - total', 'Employer taxes - FUTA', 'Employer taxes - SS', 'Employer taxes - Med', 'Employer taxes - AR SUI', 'Employer taxes - FUTA Employer', 'Employer taxes - Social Security Employer', 'Employer taxes - Medicare Employer', 'Employer taxes - AR SUI Employer', 'Total payroll cost']
2025-09-04 22:38:51,013 - INFO - Total columns: 44
2025-09-04 22:38:51,031 - INFO - First few rows of data:
                        Name    Pay date  ... Employer taxes - AR SUI Employer  Total payroll cost
0           Brown, Charles E  09/04/2025  ...                              NaN              974.46
1  Christodoulou, Courtney N  09/04/2025  ...                              NaN              842.89
2            Coburn, Cindy A  09/04/2025  ...                              NaN             1722.40
3          Coburn, Kenneth W  09/04/2025  ...                              NaN             1588.51
4            Conner, Kylie J  09/04/2025  ...                              NaN              723.41

[5 rows x 44 columns]
2025-09-04 22:38:51,031 - INFO - Analyzing template: ..\template_files\ARK format QBPayroll365xl-12.xlsm
2025-09-04 22:38:51,214 - INFO - Template analysis complete. Headers: 9
2025-09-04 22:38:51,214 - INFO - Applying mapping rules to input data
2025-09-04 22:38:51,227 - INFO - Mapping applied successfully. Output shape: (242, 8)
2025-09-04 22:38:51,227 - INFO - Saving output to: ..\output_files\AlpenaCStoreLLC_PayrollDetails_09042025_1829_formatted_20250904_223851.xlsx
2025-09-04 22:38:51,344 - INFO - Formatting applied successfully
2025-09-04 22:38:51,344 - INFO - Output saved successfully: AlpenaCStoreLLC_PayrollDetails_09042025_1829_formatted_20250904_223851.xlsx
2025-09-04 22:38:51,344 - INFO - Successfully processed: AlpenaCStoreLLC_PayrollDetails_09042025_1829.xls -> AlpenaCStoreLLC_PayrollDetails_09042025_1829_formatted_20250904_223851.xlsx
2025-09-04 22:38:51,344 - INFO - Batch processing complete. Generated 1 output files
2025-09-04 22:38:51,344 - INFO - Excel Formatter completed successfully
2025-09-04 22:40:54,331 - INFO - Starting Excel Formatter
2025-09-04 22:40:54,332 - INFO - Configuration loaded successfully
2025-09-04 22:40:54,332 - INFO - ExcelFormatter initialized successfully
2025-09-04 22:40:54,332 - INFO - Starting batch processing of all files
2025-09-04 22:40:54,333 - INFO - Using template: ARK format QBPayroll365xl-12.xlsm
2025-09-04 22:40:54,333 - INFO - Processing file: AlpenaCStoreLLC_PayrollDetails_09042025_1829.xls
2025-09-04 22:40:54,333 - INFO - Reading file: ..\input_files\AlpenaCStoreLLC_PayrollDetails_09042025_1829.xls
2025-09-04 22:40:54,346 - INFO - Found potential header row 4 with content: name pay date time period hours - total hours - regular hours - sal hours - ot hours - regular pay h
2025-09-04 22:40:54,354 - INFO - Found headers at row 4
2025-09-04 22:40:54,354 - INFO - Successfully read 242 rows from AlpenaCStoreLLC_PayrollDetails_09042025_1829.xls
2025-09-04 22:40:54,354 - INFO - Available columns in AlpenaCStoreLLC_PayrollDetails_09042025_1829.xls: ['Name', 'Pay date', 'Time period', 'Hours - total', 'Hours - Regular', 'Hours - Sal', 'Hours - OT', 'Hours - Regular Pay', 'Hours - Salary', 'Hours - Overtime Pay', 'Gross pay - total', 'Gross pay - Regular', 'Gross pay - Sal', 'Gross pay - OT', 'Gross pay - Regular Pay', 'Gross pay - Salary', 'Gross pay - Overtime Pay', 'Adjusted gross', 'Other pay - total', 'Employee taxes - total', 'Employee taxes - FIT', 'Employee taxes - SS', 'Employee taxes - Med', 'Employee taxes - AR PIT', 'Employee Aftertax deductions - total', 'Employee Aftertax deductions - Rem ID: 492720887122054C', 'Employee Aftertax deductions - Ford Motor Credit', 'Employee Aftertax deductions - Case CV-23-72', 'Employee taxes - Federal Income Tax', 'Employee taxes - Social Security', 'Employee taxes - Medicare', 'Employee taxes - AR Income Tax', 'Net pay', 'Employer taxes & contributions - total', 'Employer taxes - total', 'Employer taxes - FUTA', 'Employer taxes - SS', 'Employer taxes - Med', 'Employer taxes - AR SUI', 'Employer taxes - FUTA Employer', 'Employer taxes - Social Security Employer', 'Employer taxes - Medicare Employer', 'Employer taxes - AR SUI Employer', 'Total payroll cost']
2025-09-04 22:40:54,356 - INFO - Total columns: 44
2025-09-04 22:40:54,373 - INFO - First few rows of data:
                        Name    Pay date  ... Employer taxes - AR SUI Employer  Total payroll cost
0           Brown, Charles E  09/04/2025  ...                              NaN              974.46
1  Christodoulou, Courtney N  09/04/2025  ...                              NaN              842.89
2            Coburn, Cindy A  09/04/2025  ...                              NaN             1722.40
3          Coburn, Kenneth W  09/04/2025  ...                              NaN             1588.51
4            Conner, Kylie J  09/04/2025  ...                              NaN              723.41

[5 rows x 44 columns]
2025-09-04 22:40:54,373 - INFO - Analyzing template: ..\template_files\ARK format QBPayroll365xl-12.xlsm
2025-09-04 22:40:54,540 - INFO - Template analysis complete. Headers: 9
2025-09-04 22:40:54,541 - INFO - Applying mapping rules to input data
2025-09-04 22:40:54,552 - INFO - Applying void filtering on columns: ['Chk Amt', 'Gross', 'Fica E/R']
2025-09-04 22:40:54,553 - INFO - Removing 24 void rows out of 242 total rows
2025-09-04 22:40:54,553 - INFO - Filtered DataFrame shape: (218, 8)
2025-09-04 22:40:54,553 - INFO - Mapping applied successfully. Output shape: (218, 8)
2025-09-04 22:40:54,554 - INFO - Saving output to: ..\output_files\AlpenaCStoreLLC_PayrollDetails_09042025_1829_formatted_20250904_224054.xlsx
2025-09-04 22:40:54,643 - INFO - Formatting applied successfully
2025-09-04 22:40:54,643 - INFO - Output saved successfully: AlpenaCStoreLLC_PayrollDetails_09042025_1829_formatted_20250904_224054.xlsx
2025-09-04 22:40:54,643 - INFO - Successfully processed: AlpenaCStoreLLC_PayrollDetails_09042025_1829.xls -> AlpenaCStoreLLC_PayrollDetails_09042025_1829_formatted_20250904_224054.xlsx
2025-09-04 22:40:54,643 - INFO - Batch processing complete. Generated 1 output files
2025-09-04 22:40:54,643 - INFO - Excel Formatter completed successfully
